OpenJDK 64-Bit Server VM warning: INFO: os::commit_memory(0x0000000700000000, 4294967296, 0) failed; error='Not enough space' (errno=12)
#
# There is insufficient memory for the Java Runtime Environment to continue.
# Native memory allocation (mmap) failed to map 4294967296 bytes. Error detail: committing reserved memory.
# An error report file with more information is saved as:
# /home/nasuadmin/minecraft-server/hs_err_pid88944.log
Starting org.bukkit.craftbukkit.Main
*** Warning, you've not updated in a while! ***
*** Please download a new build as per instructions from https://papermc.io/downloads/paper ***
System Info: Java 21 (OpenJDK 64-Bit Server VM 21.0.5+11-Ubuntu-1ubuntu122.04) Host: Linux 6.8.0-1020-azure (amd64)
Loading libraries, please wait...
WARN StatusConsoleListener Advanced terminal features are not available in this environment
[16:16:32 ERROR]: [DirectoryProviderSource] Error preparing plugin context: Directory 'plugins/paper-1.20.6-151.jar' failed to update!
java.lang.RuntimeException: Directory 'plugins/paper-1.20.6-151.jar' failed to update!
	at io.papermc.paper.plugin.provider.source.FileProviderSource.prepareContext(FileProviderSource.java:57) ~[paper-1.20.6.jar:1.20.6-151-a4f0f5c]
	at io.papermc.paper.plugin.provider.source.DirectoryProviderSource.lambda$prepareContext$1(DirectoryProviderSource.java:33) ~[paper-1.20.6.jar:1.20.6-151-a4f0f5c]
	at java.base/java.util.stream.ForEachOps$ForEachOp$OfRef.accept(ForEachOps.java:184) ~[?:?]
	at java.base/java.util.stream.ReferencePipeline$2$1.accept(ReferencePipeline.java:179) ~[?:?]
	at java.base/java.util.stream.ReferencePipeline$3$1.accept(ReferencePipeline.java:197) ~[?:?]
	at java.base/java.util.Iterator.forEachRemaining(Iterator.java:133) ~[?:?]
	at java.base/java.util.Spliterators$IteratorSpliterator.forEachRemaining(Spliterators.java:1939) ~[?:?]
	at java.base/java.util.stream.AbstractPipeline.copyInto(AbstractPipeline.java:509) ~[?:?]
	at java.base/java.util.stream.AbstractPipeline.wrapAndCopyInto(AbstractPipeline.java:499) ~[?:?]
	at java.base/java.util.stream.ForEachOps$ForEachOp.evaluateSequential(ForEachOps.java:151) ~[?:?]
	at java.base/java.util.stream.ForEachOps$ForEachOp$OfRef.evaluateSequential(ForEachOps.java:174) ~[?:?]
	at java.base/java.util.stream.AbstractPipeline.evaluate(AbstractPipeline.java:234) ~[?:?]
	at java.base/java.util.stream.ReferencePipeline.forEach(ReferencePipeline.java:596) ~[?:?]
	at io.papermc.paper.plugin.provider.source.DirectoryProviderSource.walkFiles(DirectoryProviderSource.java:64) ~[paper-1.20.6.jar:1.20.6-151-a4f0f5c]
	at io.papermc.paper.plugin.provider.source.DirectoryProviderSource.prepareContext(DirectoryProviderSource.java:31) ~[paper-1.20.6.jar:1.20.6-151-a4f0f5c]
	at io.papermc.paper.plugin.provider.source.DirectoryProviderSource.prepareContext(DirectoryProviderSource.java:17) ~[paper-1.20.6.jar:1.20.6-151-a4f0f5c]
	at io.papermc.paper.plugin.util.EntrypointUtil.registerProvidersFromSource(EntrypointUtil.java:14) ~[paper-1.20.6.jar:1.20.6-151-a4f0f5c]
	at io.papermc.paper.plugin.PluginInitializerManager.load(PluginInitializerManager.java:109) ~[paper-1.20.6.jar:1.20.6-151-a4f0f5c]
	at net.minecraft.server.Main.main(Main.java:122) ~[paper-1.20.6.jar:1.20.6-151-a4f0f5c]
	at org.bukkit.craftbukkit.Main.main(Main.java:328) ~[paper-1.20.6.jar:1.20.6-151-a4f0f5c]
	at io.papermc.paperclip.Paperclip.lambda$main$0(Paperclip.java:42) ~[app:?]
	at java.base/java.lang.Thread.run(Thread.java:1583) ~[?:?]
Caused by: org.bukkit.plugin.InvalidPluginException: java.lang.IllegalArgumentException: plugins/paper-1.20.6-151.jar does not contain a paper-plugin.yml or plugin.yml! Could not determine plugin type, cannot load a plugin from it!
	at io.papermc.paper.plugin.provider.source.FileProviderSource.checkUpdate(FileProviderSource.java:120) ~[paper-1.20.6.jar:1.20.6-151-a4f0f5c]
	at io.papermc.paper.plugin.provider.source.FileProviderSource.prepareContext(FileProviderSource.java:55) ~[paper-1.20.6.jar:1.20.6-151-a4f0f5c]
	... 21 more
Caused by: java.lang.IllegalArgumentException: plugins/paper-1.20.6-151.jar does not contain a paper-plugin.yml or plugin.yml! Could not determine plugin type, cannot load a plugin from it!
	at io.papermc.paper.plugin.provider.source.FileProviderSource.getPluginName(FileProviderSource.java:129) ~[paper-1.20.6.jar:1.20.6-151-a4f0f5c]
	at io.papermc.paper.plugin.provider.source.FileProviderSource.checkUpdate(FileProviderSource.java:101) ~[paper-1.20.6.jar:1.20.6-151-a4f0f5c]
	at io.papermc.paper.plugin.provider.source.FileProviderSource.prepareContext(FileProviderSource.java:55) ~[paper-1.20.6.jar:1.20.6-151-a4f0f5c]
	... 21 more
[16:16:32 INFO]: [PluginRemapper] Remapping plugin 'plugins/SkinsRestorer.jar'...
