15:59 PuneetD   : welcome sir
15:59 Self_lakshh: op
15:59 PuneetD    : big fan
15:59 Self_lakshh: tujhe dikhau me cheating :)
15:59 PuneetD    : nahi nahi
15:59 PuneetD    : ooooooh bhai
15:59 PuneetD    : ye chats
15:59 Self_lakshh: ./kill PuneetD
15:59 PuneetD    : purane din yaad aa gaye
15:59 PuneetD    : :........(
16:05 nasu_chacha:  placed a sign @ nasu vally: x-128, z66
  Nasu Villa
16:05 Self_lakshh: opt
16:05 Self_lakshh: op
16:05 Self_lakshh: i opt for op
16:06 Self_lakshh: :(
16:07 Self_lakshh: ./op Self_lakshh
16:51 Self_lakshh: ./kill PuneetD
16:51 Self_lakshh: no peace
16:52 Self_lakshh: ye toh t*tti hai
16:54 Self_lakshh: ./kits food
16:54 Self_lakshh: 16 bread :)
17:02 Self_lakshh: chacha ki bhujao me basa gaon
17:02 Self_lakshh: bhujao bc
17:02 Self_lakshh: arms
17:03 Sojumaru_gaming: theek koisa tumi
17:04 Self_lakshh    : 60
17:15 Self_lakshh    : :)
17:15 Sojumaru_gaming: yoo
17:15 Self_lakshh    : YOO
17:15 Self_lakshh    : Honey
17:15 Self_lakshh    : Singh
17:15 Sojumaru_gaming: good nini buddy jana padega
17:15 Self_lakshh    : sure buddy
17:16 Sojumaru_gaming: kal aata hon ;)
17:16 Self_lakshh    : nice meeting you
17:16 Self_lakshh    : bilkul
17:16 Self_lakshh    : tag on discord
17:16 PuneetD        : gn
17:16 Self_lakshh    : @Foxzy
17:16 Sojumaru_gaming: yep mil te hai..
17:16 Sojumaru_gaming: by............
